2026-05-06 15:02:57,449 [INFO] Database ready: smart_cardiology.db
2026-05-06 15:06:05,999 [INFO] Database ready: smart_cardiology.db
2026-05-06 15:06:05,999 [INFO] No saved model found ¢ will train on first use.
2026-05-06 15:06:07,411 [INFO] Generating synthetic training data ģ
2026-05-06 15:06:08,500 [ERROR] Training error: main thread is not in main loop
2026-05-06 15:10:33,429 [INFO] Database ready: smart_cardiology.db
2026-05-06 15:10:33,429 [INFO] No saved model found ¢ will train on first use.
2026-05-06 15:10:34,446 [INFO] Generating synthetic training data ģ
2026-05-06 15:10:35,542 [ERROR] Training error: main thread is not in main loop
2026-05-06 19:59:22,044 [INFO] Database ready: smart_cardiology.db
2026-05-06 19:59:22,044 [INFO] No saved model found ¢ will train on first use.
2026-05-06 19:59:23,170 [INFO] Generating synthetic training data ģ
2026-05-06 19:59:24,263 [ERROR] Training error: main thread is not in main loop
2026-05-06 20:00:05,079 [INFO] Training model ģ
2026-05-06 20:00:05,079 [INFO] Generating synthetic training data ģ
2026-05-06 20:00:13,482 [INFO] Training model ģ
2026-05-06 20:00:13,483 [INFO] Generating synthetic training data ģ
2026-05-06 20:00:34,532 [INFO] Model saved: ecg_model.pkl
2026-05-06 20:00:34,533 [INFO] Training complete. CV Accuracy=1.000
2026-05-06 20:00:34,554 [INFO] Saved analysis #7: Normal Sinus Rhythm
2026-05-06 20:00:47,920 [INFO] Model saved: ecg_model.pkl
2026-05-06 20:00:47,920 [INFO] Training complete. CV Accuracy=1.000
2026-05-06 20:00:47,935 [INFO] Saved analysis #8: Atrial Fibrillation
2026-05-06 20:05:08,969 [INFO] Database ready: smart_cardiology.db
2026-05-06 20:05:09,025 [INFO] Model loaded: ecg_model.pkl v1.0.0-GBT
2026-05-06 20:05:31,341 [INFO] Saved analysis #9: Normal Sinus Rhythm
2026-05-06 20:05:41,659 [INFO] Exported 9 records to C:/Users/adars/OneDrive/AppData/Desktop/Kakunje/mod2part2/data/ecg_analyses.csv
2026-05-06 20:05:50,119 [INFO] PDF report saved: C:/Users/adars/OneDrive/AppData/Desktop/Kakunje/mod2part2/data/ECG_Report_PAT-001.pdf
2026-05-06 20:07:05,062 [INFO] Database ready: smart_cardiology.db
2026-05-06 20:07:05,084 [INFO] Model loaded: ecg_model.pkl v1.0.0-GBT
2026-05-06 20:07:18,068 [INFO] Saved analysis #10: Normal Sinus Rhythm
2026-05-06 20:32:49,693 [INFO] Database ready: smart_cardiology.db
2026-05-06 20:32:49,724 [INFO] Model loaded: ecg_model.pkl v1.0.0-GBT
2026-05-06 20:32:56,700 [INFO] Saved analysis #11: Normal Sinus Rhythm
2026-05-06 20:33:00,253 [INFO] Saved analysis #12: Myocardial Infarction
2026-05-06 21:18:50,061 [INFO] Database ready: C:\Users\adars\OneDrive\AppData\Desktop\Kakunje\ankitlund\Smart-Cardiology-Document-Processing\smart_cardiology.db
2026-05-06 21:18:50,088 [INFO] Model loaded: C:\Users\adars\OneDrive\AppData\Desktop\Kakunje\ankitlund\Smart-Cardiology-Document-Processing\ecg analysis\ecg_model.pkl v1.0.0-GBT
2026-05-06 21:18:50,124 [INFO] Saved ECG result ECG-0001: Normal Sinus Rhythm
2026-05-06 21:24:50,752 [INFO] Database ready: c:\Users\adars\OneDrive\AppData\Desktop\Kakunje\ankitlund\Smart-Cardiology-Document-Processing\smart_cardiology.db
2026-05-06 21:24:50,774 [INFO] Model loaded: c:\Users\adars\OneDrive\AppData\Desktop\Kakunje\ankitlund\Smart-Cardiology-Document-Processing\ecg analysis\ecg_model.pkl v1.0.0-GBT
2026-05-06 21:25:04,961 [INFO] Saved ECG result ECG-0002: Normal Sinus Rhythm
2026-05-06 21:25:35,173 [INFO] Exported 2 records to C:/Users/adars/OneDrive/AppData/Desktop/Kakunje/ankitlund/Smart-Cardiology-Document-Processing/tbl_ecg_data.csv
2026-05-06 21:26:40,000 [INFO] Saved ECG result ECG-0003: Ventricular Tachycardia
2026-05-06 21:26:54,991 [INFO] PDF report saved: C:/Users/adars/OneDrive/AppData/Desktop/Kakunje/mod2part2/ECG_Report_P-0001.pdf
<<<<<<< HEAD
2026-05-06 22:34:09,097 [INFO] Database ready: c:\Users\adars\OneDrive\AppData\Desktop\Kakunje\ankitlund\Smart-Cardiology-Document-Processing\smart_cardiology.db
2026-05-06 22:34:09,148 [INFO] Model loaded: c:\Users\adars\OneDrive\AppData\Desktop\Kakunje\ankitlund\Smart-Cardiology-Document-Processing\ecg analysis\ecg_model.pkl v1.0.0-GBT
2026-05-06 22:34:21,625 [INFO] Saved ECG result ECG-0004: Normal Sinus Rhythm
2026-05-06 22:34:33,861 [INFO] Saved ECG result ECG-0005: Normal Sinus Rhythm
2026-05-06 22:37:22,349 [INFO] Database ready: c:\Users\adars\OneDrive\AppData\Desktop\Kakunje\ankitlund\Smart-Cardiology-Document-Processing\smart_cardiology.db
2026-05-06 22:37:22,374 [INFO] Model loaded: c:\Users\adars\OneDrive\AppData\Desktop\Kakunje\ankitlund\Smart-Cardiology-Document-Processing\ecg analysis\ecg_model.pkl v1.0.0-GBT
2026-05-06 22:37:41,081 [INFO] Saved ECG result ECG-0006: Normal Sinus Rhythm
2026-05-06 22:37:56,079 [INFO] Saved ECG result ECG-0007: Bundle Branch Block
2026-05-06 22:38:05,029 [INFO] Saved ECG result ECG-0008: Bundle Branch Block
2026-05-08 22:07:22,952 [INFO] Database ready: c:\Users\adars\OneDrive\AppData\Desktop\Kakunje\ankitlund\Smart-Cardiology-Document-Processing\smart_cardiology.db
2026-05-08 22:07:22,982 [INFO] Model loaded: c:\Users\adars\OneDrive\AppData\Desktop\Kakunje\ankitlund\Smart-Cardiology-Document-Processing\ecg analysis\ecg_model.pkl v1.0.0-GBT
2026-05-08 22:08:25,870 [INFO] Saved ECG result ECG-0009: Bundle Branch Block
2026-05-08 22:17:40,933 [INFO] Database ready: c:\Users\adars\OneDrive\AppData\Desktop\Kakunje\ankitlund\Smart-Cardiology-Document-Processing\smart_cardiology.db
2026-05-08 22:17:40,997 [INFO] Model loaded: c:\Users\adars\OneDrive\AppData\Desktop\Kakunje\ankitlund\Smart-Cardiology-Document-Processing\ecg analysis\ecg_model.pkl v1.0.0-GBT
2026-05-08 22:17:54,537 [INFO] Saved ECG result ECG-0010: Normal Sinus Rhythm
2026-05-08 22:18:17,806 [INFO] Saved ECG result ECG-0011: Normal Sinus Rhythm
2026-05-08 22:18:25,401 [INFO] Saved ECG result ECG-0012: Ventricular Tachycardia
2026-05-08 22:18:44,241 [INFO] Saved ECG result ECG-0013: Ventricular Tachycardia
2026-05-08 22:18:44,314 [INFO] Saved ECG result ECG-0014: Bundle Branch Block
=======
2026-05-07 00:29:21,203 [INFO] Database ready: C:\Users\ASUS\OneDrive\Desktop\smartcardio\smart_cardiology.db
2026-05-07 00:29:21,383 [INFO] Model loaded: C:\Users\ASUS\OneDrive\Desktop\smartcardio\ecg analysis\ecg_model.pkl v1.0.0-GBT
>>>>>>> 42cf8e47bc41685fcb4cf83125dc9d07d130168f
2026-05-08 23:03:10,873 [INFO] Database ready: c:\Users\ankit\OneDrive\Desktop\INTERNSHIP\PROJECT\Smart Cardiology Document Processing\smart_cardiology.db
2026-05-08 23:03:10,910 [INFO] Model loaded: C:\Users\ankit\OneDrive\Desktop\INTERNSHIP\PROJECT\Smart Cardiology Document Processing\ecg analysis\ecg_model.pkl v1.0.0-GBT
2026-05-08 23:04:00,268 [INFO] Database ready: c:\Users\ankit\OneDrive\Desktop\INTERNSHIP\PROJECT\Smart Cardiology Document Processing\smart_cardiology.db
2026-05-08 23:04:00,286 [INFO] Model loaded: C:\Users\ankit\OneDrive\Desktop\INTERNSHIP\PROJECT\Smart Cardiology Document Processing\ecg analysis\ecg_model.pkl v1.0.0-GBT
2026-05-08 23:04:47,597 [INFO] Saved ECG result ECG-0004: Ventricular Tachycardia
2026-05-08 23:29:47,751 [INFO] Database ready: c:\Users\ankit\OneDrive\Desktop\INTERNSHIP\PROJECT\Smart Cardiology Document Processing\smart_cardiology.db
2026-05-08 23:29:47,770 [INFO] Model loaded: C:\Users\ankit\OneDrive\Desktop\INTERNSHIP\PROJECT\Smart Cardiology Document Processing\ecg analysis\ecg_model.pkl v1.0.0-GBT
2026-05-09 00:06:14,098 [INFO] Database ready: c:\Users\ankit\OneDrive\Desktop\INTERNSHIP\PROJECT\Smart Cardiology Document Processing\smart_cardiology.db
2026-05-09 00:06:14,116 [INFO] Model loaded: C:\Users\ankit\OneDrive\Desktop\INTERNSHIP\PROJECT\Smart Cardiology Document Processing\modules\ecg_analysis_legacy\ecg_model.pkl v1.0.0-GBT
2026-05-09 00:06:52,610 [INFO] Database ready: c:\Users\ankit\OneDrive\Desktop\INTERNSHIP\PROJECT\Smart Cardiology Document Processing\smart_cardiology.db
2026-05-09 00:06:52,627 [INFO] Model loaded: C:\Users\ankit\OneDrive\Desktop\INTERNSHIP\PROJECT\Smart Cardiology Document Processing\modules\ecg_analysis_legacy\ecg_model.pkl v1.0.0-GBT
2026-05-09 00:33:36,144 [INFO] Database ready: c:\Users\ankit\OneDrive\Desktop\INTERNSHIP\PROJECT\Smart Cardiology Document Processing\smart_cardiology.db
2026-05-09 00:33:36,166 [INFO] Model loaded: C:\Users\ankit\OneDrive\Desktop\INTERNSHIP\PROJECT\Smart Cardiology Document Processing\modules\ecg_analysis_legacy\ecg_model.pkl v1.0.0-GBT
2026-05-09 08:14:27,195 [INFO] Database ready: c:\Users\ankit\OneDrive\Desktop\INTERNSHIP\PROJECT\Smart Cardiology Document Processing\smart_cardiology.db
2026-05-09 08:14:27,226 [INFO] Model loaded: C:\Users\ankit\OneDrive\Desktop\INTERNSHIP\PROJECT\Smart Cardiology Document Processing\modules\ecg_analysis_legacy\ecg_model.pkl v1.0.0-GBT
2026-05-09 08:22:21,930 [INFO] Database ready: c:\Users\ankit\OneDrive\Desktop\INTERNSHIP\PROJECT\Smart Cardiology Document Processing\smart_cardiology.db
2026-05-09 08:22:21,966 [INFO] Model loaded: C:\Users\ankit\OneDrive\Desktop\INTERNSHIP\PROJECT\Smart Cardiology Document Processing\modules\ecg_analysis_legacy\ecg_model.pkl v1.0.0-GBT
2026-05-09 14:01:11,063 [INFO] Database ready: c:\Users\ankit\OneDrive\Desktop\INTERNSHIP\PROJECT\Smart Cardiology Document Processing\smart_cardiology.db
2026-05-09 14:01:11,113 [INFO] Model loaded: C:\Users\ankit\OneDrive\Desktop\INTERNSHIP\PROJECT\Smart Cardiology Document Processing\modules\ecg_analysis_legacy\ecg_model.pkl v1.0.0-GBT
2026-05-09 14:02:47,161 [INFO] Saved ECG result ECG-0005: Normal Sinus Rhythm
2026-05-09 14:03:28,836 [INFO] Saved ECG result ECG-0006: Normal Sinus Rhythm
2026-05-09 14:04:01,162 [INFO] Saved ECG result ECG-0007: Ventricular Tachycardia
2026-05-09 14:08:16,860 [INFO] Database ready: c:\Users\ankit\OneDrive\Desktop\INTERNSHIP\PROJECT\Smart Cardiology Document Processing\smart_cardiology.db
2026-05-09 14:08:17,144 [INFO] Model loaded: C:\Users\ankit\OneDrive\Desktop\INTERNSHIP\PROJECT\Smart Cardiology Document Processing\modules\ecg_analysis_legacy\ecg_model.pkl v1.0.0-GBT
